<persistence xmlns="http://java.sun.com/xml/ns/persistence"
    xmlns:xsi="http://www.w3.org/2001/XMLSchema-instance"
    xsi:schemaLocation="http://java.sun.com/xml/ns/persistence 
        http://java.sun.com/xml/ns/persistence/persistence_2_0.xsd"
    version="2.0">
    <persistence-unit name="default" transaction-type="RESOURCE_LOCAL">
        <provider>org.hibernate.ejb.HibernatePersistence</provider>
        
        <class>hh.entity.Person</class>
        <class>hh.entity.Address</class>
        <class>hh.entity.Phone</class>
        <class>hh.entity.Pet</class>
        <class>hh.entity.Appointment</class>

        <!-- ??? -->
        <!-- <shared-cache-mode>ALL</shared-cache-mode> -->

        <properties>
            <property name="hibernate.show_sql" value="true" />
            <property name="hibernate.format_sql" value="true" />
            <property name="hibernate.dialect" value="org.hibernate.dialect.H2Dialect" />
            <!-- Can be optional -->
            <!-- <property name="hibernate.hbm2ddl.auto" value="validate" /> -->
        </properties>
    </persistence-unit>
    
</persistence>