<?xml version="1.0" encoding="UTF-8"?>
<beans xmlns="http://www.springframework.org/schema/beans"
    xmlns:xsi="http://www.w3.org/2001/XMLSchema-instance" 
    xmlns:context="http://www.springframework.org/schema/context"
    xmlns:jdbc="http://www.springframework.org/schema/jdbc"
    xmlns:tx="http://www.springframework.org/schema/tx"
    xsi:schemaLocation="http://www.springframework.org/schema/beans 
                        http://www.springframework.org/schema/beans/spring-beans.xsd
                        http://www.springframework.org/schema/context
                        http://www.springframework.org/schema/context/spring-context.xsd
                        http://www.springframework.org/schema/jdbc
                        http://www.springframework.org/schema/jdbc/spring-jdbc.xsd
                        http://www.springframework.org/schema/tx 
                        http://www.springframework.org/schema/tx/spring-tx.xsd">
                        
    <context:annotation-config />
    <context:component-scan base-package="hh.dao" />
    
    <!-- ???? -->
    <!-- ************ JPA configuration *********** -->
    <tx:annotation-driven />
    <bean id="transactionManager" class="org.springframework.orm.jpa.JpaTransactionManager">
        <property name="entityManagerFactory" ref="entityManagerFactory" />
    </bean>

    <!-- Exception translation bean post processor -->
    <!-- <bean class="org.springframework.dao.annotation.PersistenceExceptionTranslationPostProcessor" /> -->
    
    <jdbc:embedded-database id="dataSource" type="H2">
        <jdbc:script location="classpath:test-create-table.sql" />
        <jdbc:script location="classpath:test-data.sql" />
    </jdbc:embedded-database>

    <bean id="entityManagerFactory" class="org.springframework.orm.jpa.LocalContainerEntityManagerFactoryBean">
        <property name="persistenceXmlLocation" value="classpath:test-persistence.xml" />
        <property name="dataSource" ref="dataSource" />
        <property name="persistenceUnitName" value="default" />
    </bean>
    
</beans>